<?xml version="1.0" encoding="UTF-8"?>
<!-- Generated by org.testng.reporters.JUnitXMLReporter -->
<testsuite hostname="NIKASH-PC" ignored="0" name="report_chrome" tests="5" failures="0" timestamp="05 Aug 2017 17:36:11 GMT" time="46.966" errors="0">
  <testcase name="test1" time="4.051" classname="testNG.Selenium4testing_Screenshot"/>
  <testcase name="test2" time="4.155" classname="testNG.Selenium4testing_Screenshot"/>
  <testcase name="test3" time="4.406" classname="testNG.Selenium4testing_Screenshot"/>
  <testcase name="test4" time="4.05" classname="testNG.Selenium4testing_Screenshot"/>
  <testcase name="test5" time="15.943" classname="testNG.Selenium4testing_Screenshot"/>
</testsuite> <!-- report_chrome -->
