<?xml version="1.0" encoding="UTF-8"?>
<!-- Generated by org.testng.reporters.JUnitXMLReporter -->
<testsuite hostname="NIKASH-PC" ignored="0" name="report" tests="5" failures="0" timestamp="05 Aug 2017 17:16:33 GMT" time="37.378" errors="0">
  <testcase name="test1" time="3.414" classname="testNG.Selenium4testing_Screenshot"/>
  <testcase name="test2" time="5.394" classname="testNG.Selenium4testing_Screenshot"/>
  <testcase name="test3" time="3.512" classname="testNG.Selenium4testing_Screenshot"/>
  <testcase name="test4" time="3.643" classname="testNG.Selenium4testing_Screenshot"/>
  <testcase name="test5" time="4.226" classname="testNG.Selenium4testing_Screenshot"/>
</testsuite> <!-- report -->
